2025-08-01 18:06:00 | INFO | repo=richrates | action=edit | files=4
2025-04-26 20:43:00 | WARN | repo=richrates | action=commit
2025-01-02 20:33:00 | INFO | repo=richrates | action=commit
2025-01-07 21:41:00 | DEBUG | repo=richrates | action=commit
2025-09-26 20:07:00 | INFO | repo=richrates | action=commit
2025-02-07 15:12:00 | WARN | repo=richrates | action=commit
2025-02-13 09:05:00 | WARN | repo=richrates | action=pull
2025-02-05 16:26:00 | DEBUG | repo=richrates | action=pull
2025-07-04 13:05:00 | INFO | repo=richrates | action=commit
2025-05-12 21:26:00 | INFO | repo=richrates | action=pull
2025-01-23 12:45:00 | INFO | repo=richrates | action=test | passed=true
2025-12-10 17:03:00 | INFO | repo=richrates | action=pull
2025-02-15 18:14:00 | DEBUG | repo=richrates | action=commit
2025-10-03 07:27:00 | INFO | repo=richrates | action=edit | files=4
2025-12-13 21:10:00 | DEBUG | repo=richrates | action=commit
2025-05-17 13:52:00 | INFO | repo=richrates | action=edit | files=5
2025-02-12 08:15:00 | DEBUG | repo=richrates | action=commit
2025-07-08 18:59:00 | DEBUG | repo=richrates | action=test | passed=true
2025-08-16 09:17:00 | WARN | repo=richrates | action=test | passed=true
2025-01-26 17:04:00 | DEBUG | repo=richrates | action=commit
2025-04-22 08:15:00 | DEBUG | repo=richrates | action=commit
2025-12-11 12:58:00 | DEBUG | repo=richrates | action=commit
2025-06-09 07:12:00 | DEBUG | repo=richrates | action=commit
2025-10-28 11:52:00 | WARN | repo=richrates | action=pull
2025-11-05 09:18:00 | WARN | repo=richrates | action=test | passed=true
2025-12-21 16:38:00 | WARN | repo=richrates | action=commit
2025-09-05 20:34:00 | DEBUG | repo=richrates | action=pull
2025-02-19 20:46:00 | INFO | repo=richrates | action=commit
2025-11-28 11:34:00 | WARN | repo=richrates | action=commit
2025-01-13 08:19:00 | DEBUG | repo=richrates | action=pull
2025-05-05 07:30:00 | WARN | repo=richrates | action=commit
2025-07-13 11:12:00 | INFO | repo=richrates | action=commit
2025-04-20 12:29:00 | DEBUG | repo=richrates | action=commit
2025-06-04 07:08:00 | INFO | repo=richrates | action=pull
2025-08-10 11:50:00 | WARN | repo=richrates | action=commit
2025-07-16 21:53:00 | INFO | repo=richrates | action=pull
2025-12-25 15:08:00 | WARN | repo=richrates | action=commit
2025-03-09 19:11:00 | INFO | repo=richrates | action=commit
2025-11-23 19:21:00 | INFO | repo=richrates | action=commit
2025-05-25 19:58:00 | DEBUG | repo=richrates | action=commit
2025-01-14 08:44:00 | DEBUG | repo=richrates | action=commit
2025-11-27 08:59:00 | INFO | repo=richrates | action=edit | files=5
2025-06-18 08:27:00 | DEBUG | repo=richrates | action=commit
2025-07-08 18:38:00 | DEBUG | repo=richrates | action=commit
2025-11-26 15:02:00 | INFO | repo=richrates | action=commit
2025-08-13 18:20:00 | WARN | repo=richrates | action=commit
2025-01-18 18:42:00 | WARN | repo=richrates | action=edit | files=2
2025-10-05 21:13:00 | WARN | repo=richrates | action=commit
2025-09-23 20:55:00 | INFO | repo=richrates | action=edit | files=4
2025-12-19 08:14:00 | WARN | repo=richrates | action=commit
2025-12-25 07:22:00 | DEBUG | repo=richrates | action=test | passed=true
2025-04-19 14:50:00 | WARN | repo=richrates | action=commit
2025-01-25 16:13:00 | INFO | repo=richrates | action=commit
2025-04-22 14:40:00 | INFO | repo=richrates | action=commit
2025-03-15 19:02:00 | INFO | repo=richrates | action=commit
2025-01-05 14:53:00 | INFO | repo=richrates | action=commit
2025-11-22 20:13:00 | WARN | repo=richrates | action=commit
2025-07-25 08:29:00 | DEBUG | repo=richrates | action=edit | files=3
2025-05-26 07:20:00 | INFO | repo=richrates | action=test | passed=true
2025-07-10 17:18:00 | INFO | repo=richrates | action=test | passed=true
2025-10-27 11:00:00 | DEBUG | repo=richrates | action=edit | files=5
2025-04-08 08:02:00 | DEBUG | repo=richrates | action=test | passed=true
2025-09-22 21:23:00 | DEBUG | repo=richrates | action=commit
2025-06-25 11:45:00 | INFO | repo=richrates | action=edit | files=5
2025-11-03 18:07:00 | DEBUG | repo=richrates | action=test | passed=true
2025-04-02 20:07:00 | WARN | repo=richrates | action=test | passed=true
2025-12-23 11:01:00 | INFO | repo=richrates | action=commit
2025-02-05 11:31:00 | INFO | repo=richrates | action=commit
2025-07-28 14:58:00 | WARN | repo=richrates | action=commit
2025-03-12 20:54:00 | INFO | repo=richrates | action=commit
2025-03-19 18:07:00 | INFO | repo=richrates | action=commit
2025-04-10 11:06:00 | DEBUG | repo=richrates | action=edit | files=3
2025-02-12 17:54:00 | INFO | repo=richrates | action=commit
2025-06-20 11:56:00 | DEBUG | repo=richrates | action=commit
2025-08-15 08:11:00 | DEBUG | repo=richrates | action=commit
2025-01-09 09:32:00 | WARN | repo=richrates | action=pull
2025-12-08 20:11:00 | DEBUG | repo=richrates | action=edit | files=5
2025-03-26 14:14:00 | WARN | repo=richrates | action=commit
2025-10-12 15:11:00 | WARN | repo=richrates | action=commit
2025-09-17 08:45:00 | DEBUG | repo=richrates | action=commit
2025-01-28 16:06:00 | DEBUG | repo=richrates | action=commit
2025-05-06 15:48:00 | WARN | repo=richrates | action=commit
2025-03-15 11:01:00 | DEBUG | repo=richrates | action=commit
2025-01-03 12:29:00 | INFO | repo=richrates | action=commit
2025-07-12 10:41:00 | WARN | repo=richrates | action=commit
2025-03-24 09:03:00 | WARN | repo=richrates | action=commit
